<?xml version="1.0" encoding="UTF-8"?>
<!-- Generated by org.testng.reporters.JUnitReportReporter -->
<testsuite hostname="DESKTOP-P3GFGE6" failures="0" tests="1" name="com.techBurn.Generic.TechBurnTest" time="0.009" errors="0" timestamp="2024-04-20T10:39:18 IST" skipped="0">
  <testcase classname="com.techBurn.Generic.TechBurnTest" name="mainTest" time="0.009"/>
  <system-out/>
</testsuite> <!-- com.techBurn.Generic.TechBurnTest -->
